2019-08-16 00:00:01,115 INFO 3436 [egg-logrotator] app logger reload: got log-reload message
2019-08-16 12:36:24,398 INFO 16264 [egg:logger] init all loggers with options: {"dir":"D:\\nodejs\\nodejs\\node_project\\hospital\\logs\\cloud-reinforce-server","encoding":"utf8","env":"local","level":"INFO","consoleLevel":"INFO","disableConsoleAfterReady":false,"outputJSON":false,"buffer":true,"appLogName":"cloud-reinforce-server-web.log","coreLogName":"egg-web.log","agentLogName":"egg-agent.log","errorLogName":"common-error.log","coreLogger":{"consoleLevel":"WARN"},"allowDebugAtProd":false,"type":"application"}
2019-08-16 12:36:24,437 INFO 16264 [egg-multipart] stream mode enable
2019-08-16 12:36:25,720 INFO 16264 [egg-static] starting static serve /public/ -> D:\nodejs\nodejs\node_project\hospital\app\public
2019-08-16 12:36:25,728 INFO 16264 [egg-security] use methodnoallow middleware
2019-08-16 12:36:25,733 INFO 16264 [egg-security] use noopen middleware
2019-08-16 12:36:25,748 INFO 16264 [egg-security] use nosniff middleware
2019-08-16 12:36:25,753 INFO 16264 [egg-security] use xssProtection middleware
2019-08-16 12:36:25,758 INFO 16264 [egg-security] use xframe middleware
2019-08-16 12:36:25,763 INFO 16264 [egg-security] use dta middleware
2019-08-16 12:36:25,763 INFO 16264 [egg-security] compose 6 middlewares into one security middleware
2019-08-16 12:36:26,341 INFO 16264 [egg:core] dump config after load, 22ms
2019-08-16 12:36:26,377 INFO 16264 [egg-watcher:application] watcher start success
2019-08-16 12:36:26,426 INFO 16264 [egg:core] dump config after ready, 29ms
2019-08-16 14:57:48,196 INFO 8732 [egg:logger] init all loggers with options: {"dir":"D:\\nodejs\\nodejs\\node_project\\hospital\\logs\\cloud-reinforce-server","encoding":"utf8","env":"local","level":"INFO","consoleLevel":"INFO","disableConsoleAfterReady":false,"outputJSON":false,"buffer":true,"appLogName":"cloud-reinforce-server-web.log","coreLogName":"egg-web.log","agentLogName":"egg-agent.log","errorLogName":"common-error.log","coreLogger":{"consoleLevel":"WARN"},"allowDebugAtProd":false,"type":"application"}
2019-08-16 14:57:48,230 INFO 8732 [egg-multipart] stream mode enable
2019-08-16 14:57:48,876 INFO 8732 [egg-static] starting static serve /public/ -> D:\nodejs\nodejs\node_project\hospital\app\public
2019-08-16 14:57:48,880 INFO 8732 [egg-security] use methodnoallow middleware
2019-08-16 14:57:48,881 INFO 8732 [egg-security] use noopen middleware
2019-08-16 14:57:48,882 INFO 8732 [egg-security] use nosniff middleware
2019-08-16 14:57:48,883 INFO 8732 [egg-security] use xssProtection middleware
2019-08-16 14:57:48,883 INFO 8732 [egg-security] use xframe middleware
2019-08-16 14:57:48,884 INFO 8732 [egg-security] use dta middleware
2019-08-16 14:57:48,884 INFO 8732 [egg-security] compose 6 middlewares into one security middleware
2019-08-16 14:57:49,043 INFO 8732 [egg:core] dump config after load, 21ms
2019-08-16 14:57:49,077 INFO 8732 [egg-watcher:application] watcher start success
2019-08-16 14:57:49,121 INFO 8732 [egg:core] dump config after ready, 26ms
2019-08-16 14:57:50,323 INFO 16324 [egg:logger] init all loggers with options: {"dir":"D:\\nodejs\\nodejs\\node_project\\hospital\\logs\\cloud-reinforce-server","encoding":"utf8","env":"local","level":"INFO","consoleLevel":"INFO","disableConsoleAfterReady":false,"outputJSON":false,"buffer":true,"appLogName":"cloud-reinforce-server-web.log","coreLogName":"egg-web.log","agentLogName":"egg-agent.log","errorLogName":"common-error.log","coreLogger":{"consoleLevel":"WARN"},"allowDebugAtProd":false,"type":"application"}
2019-08-16 14:57:50,355 INFO 16324 [egg-multipart] stream mode enable
2019-08-16 14:57:50,737 INFO 16324 [egg-static] starting static serve /public/ -> D:\nodejs\nodejs\node_project\hospital\app\public
2019-08-16 14:57:50,740 INFO 16324 [egg-security] use methodnoallow middleware
2019-08-16 14:57:50,741 INFO 16324 [egg-security] use noopen middleware
2019-08-16 14:57:50,742 INFO 16324 [egg-security] use nosniff middleware
2019-08-16 14:57:50,743 INFO 16324 [egg-security] use xssProtection middleware
2019-08-16 14:57:50,743 INFO 16324 [egg-security] use xframe middleware
2019-08-16 14:57:50,744 INFO 16324 [egg-security] use dta middleware
2019-08-16 14:57:50,744 INFO 16324 [egg-security] compose 6 middlewares into one security middleware
2019-08-16 14:57:50,852 INFO 16324 [egg:core] dump config after load, 20ms
2019-08-16 14:57:50,884 INFO 16324 [egg-watcher:application] watcher start success
2019-08-16 14:57:50,927 INFO 16324 [egg:core] dump config after ready, 25ms
2019-08-16 14:57:52,111 INFO 14768 [egg:logger] init all loggers with options: {"dir":"D:\\nodejs\\nodejs\\node_project\\hospital\\logs\\cloud-reinforce-server","encoding":"utf8","env":"local","level":"INFO","consoleLevel":"INFO","disableConsoleAfterReady":false,"outputJSON":false,"buffer":true,"appLogName":"cloud-reinforce-server-web.log","coreLogName":"egg-web.log","agentLogName":"egg-agent.log","errorLogName":"common-error.log","coreLogger":{"consoleLevel":"WARN"},"allowDebugAtProd":false,"type":"application"}
2019-08-16 14:57:52,144 INFO 14768 [egg-multipart] stream mode enable
2019-08-16 14:57:52,516 INFO 14768 [egg-static] starting static serve /public/ -> D:\nodejs\nodejs\node_project\hospital\app\public
2019-08-16 14:57:52,519 INFO 14768 [egg-security] use methodnoallow middleware
2019-08-16 14:57:52,519 INFO 14768 [egg-security] use noopen middleware
2019-08-16 14:57:52,520 INFO 14768 [egg-security] use nosniff middleware
2019-08-16 14:57:52,521 INFO 14768 [egg-security] use xssProtection middleware
2019-08-16 14:57:52,522 INFO 14768 [egg-security] use xframe middleware
2019-08-16 14:57:52,522 INFO 14768 [egg-security] use dta middleware
2019-08-16 14:57:52,522 INFO 14768 [egg-security] compose 6 middlewares into one security middleware
2019-08-16 14:57:52,631 INFO 14768 [egg:core] dump config after load, 21ms
2019-08-16 14:57:52,667 INFO 14768 [egg-watcher:application] watcher start success
2019-08-16 14:57:52,717 INFO 14768 [egg:core] dump config after ready, 29ms
2019-08-16 20:16:28,708 INFO 12068 [egg:logger] init all loggers with options: {"dir":"D:\\nodejs\\nodejs\\node_project\\hospital\\logs\\cloud-reinforce-server","encoding":"utf8","env":"local","level":"INFO","consoleLevel":"INFO","disableConsoleAfterReady":false,"outputJSON":false,"buffer":true,"appLogName":"cloud-reinforce-server-web.log","coreLogName":"egg-web.log","agentLogName":"egg-agent.log","errorLogName":"common-error.log","coreLogger":{"consoleLevel":"WARN"},"allowDebugAtProd":false,"type":"application"}
2019-08-16 20:16:28,794 INFO 12068 [egg-multipart] stream mode enable
2019-08-16 20:16:32,859 INFO 12068 [egg-static] starting static serve /public/ -> D:\nodejs\nodejs\node_project\hospital\app\public
2019-08-16 20:16:32,867 INFO 12068 [egg-security] use methodnoallow middleware
2019-08-16 20:16:32,870 INFO 12068 [egg-security] use noopen middleware
2019-08-16 20:16:32,875 INFO 12068 [egg-security] use nosniff middleware
2019-08-16 20:16:32,880 INFO 12068 [egg-security] use xssProtection middleware
2019-08-16 20:16:32,885 INFO 12068 [egg-security] use xframe middleware
2019-08-16 20:16:32,890 INFO 12068 [egg-security] use dta middleware
2019-08-16 20:16:32,890 INFO 12068 [egg-security] compose 6 middlewares into one security middleware
2019-08-16 20:16:33,754 INFO 12068 [egg:core] dump config after load, 23ms
2019-08-16 20:16:33,818 INFO 12068 [egg-watcher:application] watcher start success
2019-08-16 20:16:33,876 INFO 12068 [egg:core] dump config after ready, 36ms
2019-08-16 20:16:35,321 INFO 15576 [egg:logger] init all loggers with options: {"dir":"D:\\nodejs\\nodejs\\node_project\\hospital\\logs\\cloud-reinforce-server","encoding":"utf8","env":"local","level":"INFO","consoleLevel":"INFO","disableConsoleAfterReady":false,"outputJSON":false,"buffer":true,"appLogName":"cloud-reinforce-server-web.log","coreLogName":"egg-web.log","agentLogName":"egg-agent.log","errorLogName":"common-error.log","coreLogger":{"consoleLevel":"WARN"},"allowDebugAtProd":false,"type":"application"}
2019-08-16 20:16:35,359 INFO 15576 [egg-multipart] stream mode enable
2019-08-16 20:16:35,813 INFO 15576 [egg-static] starting static serve /public/ -> D:\nodejs\nodejs\node_project\hospital\app\public
2019-08-16 20:16:35,816 INFO 15576 [egg-security] use methodnoallow middleware
2019-08-16 20:16:35,817 INFO 15576 [egg-security] use noopen middleware
2019-08-16 20:16:35,818 INFO 15576 [egg-security] use nosniff middleware
2019-08-16 20:16:35,819 INFO 15576 [egg-security] use xssProtection middleware
2019-08-16 20:16:35,819 INFO 15576 [egg-security] use xframe middleware
2019-08-16 20:16:35,820 INFO 15576 [egg-security] use dta middleware
2019-08-16 20:16:35,820 INFO 15576 [egg-security] compose 6 middlewares into one security middleware
2019-08-16 20:16:35,937 INFO 15576 [egg:core] dump config after load, 25ms
2019-08-16 20:16:35,973 INFO 15576 [egg-watcher:application] watcher start success
2019-08-16 20:16:36,040 INFO 15576 [egg:core] dump config after ready, 47ms
2019-08-16 20:40:11,645 INFO 12988 [egg:logger] init all loggers with options: {"dir":"D:\\nodejs\\nodejs\\node_project\\hospital\\logs\\cloud-reinforce-server","encoding":"utf8","env":"local","level":"INFO","consoleLevel":"INFO","disableConsoleAfterReady":false,"outputJSON":false,"buffer":true,"appLogName":"cloud-reinforce-server-web.log","coreLogName":"egg-web.log","agentLogName":"egg-agent.log","errorLogName":"common-error.log","coreLogger":{"consoleLevel":"WARN"},"allowDebugAtProd":false,"type":"application"}
2019-08-16 20:40:11,693 INFO 12988 [egg-multipart] stream mode enable
2019-08-16 20:40:12,152 INFO 12988 [egg-static] starting static serve /public/ -> D:\nodejs\nodejs\node_project\hospital\app\public
2019-08-16 20:40:12,155 INFO 12988 [egg-security] use methodnoallow middleware
2019-08-16 20:40:12,156 INFO 12988 [egg-security] use noopen middleware
2019-08-16 20:40:12,158 INFO 12988 [egg-security] use nosniff middleware
2019-08-16 20:40:12,159 INFO 12988 [egg-security] use xssProtection middleware
2019-08-16 20:40:12,159 INFO 12988 [egg-security] use xframe middleware
2019-08-16 20:40:12,160 INFO 12988 [egg-security] use dta middleware
2019-08-16 20:40:12,160 INFO 12988 [egg-security] compose 6 middlewares into one security middleware
2019-08-16 20:40:12,275 INFO 12988 [egg:core] dump config after load, 24ms
2019-08-16 20:40:12,311 INFO 12988 [egg-watcher:application] watcher start success
2019-08-16 20:40:12,362 INFO 12988 [egg:core] dump config after ready, 31ms
2019-08-16 20:40:23,223 INFO 368 [egg:logger] init all loggers with options: {"dir":"D:\\nodejs\\nodejs\\node_project\\hospital\\logs\\cloud-reinforce-server","encoding":"utf8","env":"local","level":"INFO","consoleLevel":"INFO","disableConsoleAfterReady":false,"outputJSON":false,"buffer":true,"appLogName":"cloud-reinforce-server-web.log","coreLogName":"egg-web.log","agentLogName":"egg-agent.log","errorLogName":"common-error.log","coreLogger":{"consoleLevel":"WARN"},"allowDebugAtProd":false,"type":"application"}
2019-08-16 20:40:23,260 INFO 368 [egg-multipart] stream mode enable
2019-08-16 20:40:23,787 INFO 368 [egg-static] starting static serve /public/ -> D:\nodejs\nodejs\node_project\hospital\app\public
2019-08-16 20:40:23,791 INFO 368 [egg-security] use methodnoallow middleware
2019-08-16 20:40:23,792 INFO 368 [egg-security] use noopen middleware
2019-08-16 20:40:23,793 INFO 368 [egg-security] use nosniff middleware
2019-08-16 20:40:23,794 INFO 368 [egg-security] use xssProtection middleware
2019-08-16 20:40:23,794 INFO 368 [egg-security] use xframe middleware
2019-08-16 20:40:23,795 INFO 368 [egg-security] use dta middleware
2019-08-16 20:40:23,795 INFO 368 [egg-security] compose 6 middlewares into one security middleware
2019-08-16 20:40:23,917 INFO 368 [egg:core] dump config after load, 25ms
2019-08-16 20:40:23,951 INFO 368 [egg-watcher:application] watcher start success
2019-08-16 20:40:24,002 INFO 368 [egg:core] dump config after ready, 31ms
2019-08-16 20:40:25,973 INFO 2300 [egg:logger] init all loggers with options: {"dir":"D:\\nodejs\\nodejs\\node_project\\hospital\\logs\\cloud-reinforce-server","encoding":"utf8","env":"local","level":"INFO","consoleLevel":"INFO","disableConsoleAfterReady":false,"outputJSON":false,"buffer":true,"appLogName":"cloud-reinforce-server-web.log","coreLogName":"egg-web.log","agentLogName":"egg-agent.log","errorLogName":"common-error.log","coreLogger":{"consoleLevel":"WARN"},"allowDebugAtProd":false,"type":"application"}
2019-08-16 20:40:26,010 INFO 2300 [egg-multipart] stream mode enable
2019-08-16 20:40:26,432 INFO 2300 [egg-static] starting static serve /public/ -> D:\nodejs\nodejs\node_project\hospital\app\public
2019-08-16 20:40:26,436 INFO 2300 [egg-security] use methodnoallow middleware
2019-08-16 20:40:26,438 INFO 2300 [egg-security] use noopen middleware
2019-08-16 20:40:26,438 INFO 2300 [egg-security] use nosniff middleware
2019-08-16 20:40:26,439 INFO 2300 [egg-security] use xssProtection middleware
2019-08-16 20:40:26,440 INFO 2300 [egg-security] use xframe middleware
2019-08-16 20:40:26,440 INFO 2300 [egg-security] use dta middleware
2019-08-16 20:40:26,440 INFO 2300 [egg-security] compose 6 middlewares into one security middleware
2019-08-16 20:40:26,558 INFO 2300 [egg:core] dump config after load, 22ms
2019-08-16 20:40:26,593 INFO 2300 [egg-watcher:application] watcher start success
2019-08-16 20:40:26,643 INFO 2300 [egg:core] dump config after ready, 31ms
2019-08-16 20:40:29,829 INFO 4608 [egg:logger] init all loggers with options: {"dir":"D:\\nodejs\\nodejs\\node_project\\hospital\\logs\\cloud-reinforce-server","encoding":"utf8","env":"local","level":"INFO","consoleLevel":"INFO","disableConsoleAfterReady":false,"outputJSON":false,"buffer":true,"appLogName":"cloud-reinforce-server-web.log","coreLogName":"egg-web.log","agentLogName":"egg-agent.log","errorLogName":"common-error.log","coreLogger":{"consoleLevel":"WARN"},"allowDebugAtProd":false,"type":"application"}
2019-08-16 20:40:29,864 INFO 4608 [egg-multipart] stream mode enable
2019-08-16 20:40:30,271 INFO 4608 [egg-static] starting static serve /public/ -> D:\nodejs\nodejs\node_project\hospital\app\public
2019-08-16 20:40:30,274 INFO 4608 [egg-security] use methodnoallow middleware
2019-08-16 20:40:30,274 INFO 4608 [egg-security] use noopen middleware
2019-08-16 20:40:30,276 INFO 4608 [egg-security] use nosniff middleware
2019-08-16 20:40:30,276 INFO 4608 [egg-security] use xssProtection middleware
2019-08-16 20:40:30,277 INFO 4608 [egg-security] use xframe middleware
2019-08-16 20:40:30,277 INFO 4608 [egg-security] use dta middleware
2019-08-16 20:40:30,277 INFO 4608 [egg-security] compose 6 middlewares into one security middleware
2019-08-16 20:40:30,395 INFO 4608 [egg:core] dump config after load, 22ms
2019-08-16 20:40:30,473 INFO 4608 [egg-watcher:application] watcher start success
2019-08-16 20:40:30,542 INFO 4608 [egg:core] dump config after ready, 45ms
2019-08-16 20:43:53,406 INFO 5436 [egg:logger] init all loggers with options: {"dir":"D:\\nodejs\\nodejs\\node_project\\hospital\\logs\\cloud-reinforce-server","encoding":"utf8","env":"local","level":"INFO","consoleLevel":"INFO","disableConsoleAfterReady":false,"outputJSON":false,"buffer":true,"appLogName":"cloud-reinforce-server-web.log","coreLogName":"egg-web.log","agentLogName":"egg-agent.log","errorLogName":"common-error.log","coreLogger":{"consoleLevel":"WARN"},"allowDebugAtProd":false,"type":"application"}
2019-08-16 20:43:53,443 INFO 5436 [egg-multipart] stream mode enable
2019-08-16 20:43:53,916 INFO 5436 [egg-static] starting static serve /public/ -> D:\nodejs\nodejs\node_project\hospital\app\public
2019-08-16 20:43:53,921 INFO 5436 [egg-security] use methodnoallow middleware
2019-08-16 20:43:53,922 INFO 5436 [egg-security] use noopen middleware
2019-08-16 20:43:53,923 INFO 5436 [egg-security] use nosniff middleware
2019-08-16 20:43:53,923 INFO 5436 [egg-security] use xssProtection middleware
2019-08-16 20:43:53,924 INFO 5436 [egg-security] use xframe middleware
2019-08-16 20:43:53,924 INFO 5436 [egg-security] use dta middleware
2019-08-16 20:43:53,924 INFO 5436 [egg-security] compose 6 middlewares into one security middleware
2019-08-16 20:43:54,040 INFO 5436 [egg:core] dump config after load, 23ms
2019-08-16 20:43:54,075 INFO 5436 [egg-watcher:application] watcher start success
2019-08-16 20:43:54,129 INFO 5436 [egg:core] dump config after ready, 33ms
2019-08-16 20:44:00,372 INFO 2848 [egg:logger] init all loggers with options: {"dir":"D:\\nodejs\\nodejs\\node_project\\hospital\\logs\\cloud-reinforce-server","encoding":"utf8","env":"local","level":"INFO","consoleLevel":"INFO","disableConsoleAfterReady":false,"outputJSON":false,"buffer":true,"appLogName":"cloud-reinforce-server-web.log","coreLogName":"egg-web.log","agentLogName":"egg-agent.log","errorLogName":"common-error.log","coreLogger":{"consoleLevel":"WARN"},"allowDebugAtProd":false,"type":"application"}
2019-08-16 20:44:00,411 INFO 2848 [egg-multipart] stream mode enable
2019-08-16 20:44:00,852 INFO 2848 [egg-static] starting static serve /public/ -> D:\nodejs\nodejs\node_project\hospital\app\public
2019-08-16 20:44:00,855 INFO 2848 [egg-security] use methodnoallow middleware
2019-08-16 20:44:00,856 INFO 2848 [egg-security] use noopen middleware
2019-08-16 20:44:00,857 INFO 2848 [egg-security] use nosniff middleware
2019-08-16 20:44:00,857 INFO 2848 [egg-security] use xssProtection middleware
2019-08-16 20:44:00,858 INFO 2848 [egg-security] use xframe middleware
2019-08-16 20:44:00,858 INFO 2848 [egg-security] use dta middleware
2019-08-16 20:44:00,858 INFO 2848 [egg-security] compose 6 middlewares into one security middleware
2019-08-16 20:44:00,972 INFO 2848 [egg:core] dump config after load, 21ms
2019-08-16 20:44:01,006 INFO 2848 [egg-watcher:application] watcher start success
2019-08-16 20:44:01,058 INFO 2848 [egg:core] dump config after ready, 32ms
2019-08-16 20:46:26,377 INFO 10332 [egg:logger] init all loggers with options: {"dir":"D:\\nodejs\\nodejs\\node_project\\hospital\\logs\\cloud-reinforce-server","encoding":"utf8","env":"local","level":"INFO","consoleLevel":"INFO","disableConsoleAfterReady":false,"outputJSON":false,"buffer":true,"appLogName":"cloud-reinforce-server-web.log","coreLogName":"egg-web.log","agentLogName":"egg-agent.log","errorLogName":"common-error.log","coreLogger":{"consoleLevel":"WARN"},"allowDebugAtProd":false,"type":"application"}
2019-08-16 20:46:26,416 INFO 10332 [egg-multipart] stream mode enable
2019-08-16 20:46:26,849 INFO 10332 [egg-static] starting static serve /public/ -> D:\nodejs\nodejs\node_project\hospital\app\public
2019-08-16 20:46:26,853 INFO 10332 [egg-security] use methodnoallow middleware
2019-08-16 20:46:26,854 INFO 10332 [egg-security] use noopen middleware
2019-08-16 20:46:26,857 INFO 10332 [egg-security] use nosniff middleware
2019-08-16 20:46:26,858 INFO 10332 [egg-security] use xssProtection middleware
2019-08-16 20:46:26,859 INFO 10332 [egg-security] use xframe middleware
2019-08-16 20:46:26,859 INFO 10332 [egg-security] use dta middleware
2019-08-16 20:46:26,859 INFO 10332 [egg-security] compose 6 middlewares into one security middleware
2019-08-16 20:46:26,979 INFO 10332 [egg:core] dump config after load, 23ms
2019-08-16 20:46:27,012 INFO 10332 [egg-watcher:application] watcher start success
2019-08-16 20:46:27,062 INFO 10332 [egg:core] dump config after ready, 31ms
2019-08-16 20:47:24,380 INFO 15308 [egg:logger] init all loggers with options: {"dir":"D:\\nodejs\\nodejs\\node_project\\hospital\\logs\\cloud-reinforce-server","encoding":"utf8","env":"local","level":"INFO","consoleLevel":"INFO","disableConsoleAfterReady":false,"outputJSON":false,"buffer":true,"appLogName":"cloud-reinforce-server-web.log","coreLogName":"egg-web.log","agentLogName":"egg-agent.log","errorLogName":"common-error.log","coreLogger":{"consoleLevel":"WARN"},"allowDebugAtProd":false,"type":"application"}
2019-08-16 20:47:24,417 INFO 15308 [egg-multipart] stream mode enable
2019-08-16 20:47:24,860 INFO 15308 [egg-static] starting static serve /public/ -> D:\nodejs\nodejs\node_project\hospital\app\public
2019-08-16 20:47:24,864 INFO 15308 [egg-security] use methodnoallow middleware
2019-08-16 20:47:24,864 INFO 15308 [egg-security] use noopen middleware
2019-08-16 20:47:24,865 INFO 15308 [egg-security] use nosniff middleware
2019-08-16 20:47:24,866 INFO 15308 [egg-security] use xssProtection middleware
2019-08-16 20:47:24,867 INFO 15308 [egg-security] use xframe middleware
2019-08-16 20:47:24,868 INFO 15308 [egg-security] use dta middleware
2019-08-16 20:47:24,868 INFO 15308 [egg-security] compose 6 middlewares into one security middleware
2019-08-16 20:47:24,976 INFO 15308 [egg:core] dump config after load, 21ms
2019-08-16 20:47:25,011 INFO 15308 [egg-watcher:application] watcher start success
2019-08-16 20:47:25,062 INFO 15308 [egg:core] dump config after ready, 31ms
2019-08-16 21:55:39,984 INFO 11092 [egg:logger] init all loggers with options: {"dir":"D:\\nodejs\\nodejs\\node_project\\hospital\\logs\\cloud-reinforce-server","encoding":"utf8","env":"local","level":"INFO","consoleLevel":"INFO","disableConsoleAfterReady":false,"outputJSON":false,"buffer":true,"appLogName":"cloud-reinforce-server-web.log","coreLogName":"egg-web.log","agentLogName":"egg-agent.log","errorLogName":"common-error.log","coreLogger":{"consoleLevel":"WARN"},"allowDebugAtProd":false,"type":"application"}
2019-08-16 21:55:40,019 INFO 11092 [egg-multipart] stream mode enable
2019-08-16 21:55:40,453 INFO 11092 [egg-static] starting static serve /public/ -> D:\nodejs\nodejs\node_project\hospital\app\public
2019-08-16 21:55:40,457 INFO 11092 [egg-security] use methodnoallow middleware
2019-08-16 21:55:40,457 INFO 11092 [egg-security] use noopen middleware
2019-08-16 21:55:40,458 INFO 11092 [egg-security] use nosniff middleware
2019-08-16 21:55:40,459 INFO 11092 [egg-security] use xssProtection middleware
2019-08-16 21:55:40,459 INFO 11092 [egg-security] use xframe middleware
2019-08-16 21:55:40,460 INFO 11092 [egg-security] use dta middleware
2019-08-16 21:55:40,460 INFO 11092 [egg-security] compose 6 middlewares into one security middleware
2019-08-16 21:55:40,593 INFO 11092 [egg:core] dump config after load, 21ms
2019-08-16 21:55:40,626 INFO 11092 [egg-watcher:application] watcher start success
2019-08-16 21:55:40,675 INFO 11092 [egg:core] dump config after ready, 30ms
2019-08-16 21:55:41,481 INFO 8028 [egg:logger] init all loggers with options: {"dir":"D:\\nodejs\\nodejs\\node_project\\hospital\\logs\\cloud-reinforce-server","encoding":"utf8","env":"local","level":"INFO","consoleLevel":"INFO","disableConsoleAfterReady":false,"outputJSON":false,"buffer":true,"appLogName":"cloud-reinforce-server-web.log","coreLogName":"egg-web.log","agentLogName":"egg-agent.log","errorLogName":"common-error.log","coreLogger":{"consoleLevel":"WARN"},"allowDebugAtProd":false,"type":"application"}
2019-08-16 21:55:41,515 INFO 8028 [egg-multipart] stream mode enable
2019-08-16 21:55:41,928 INFO 8028 [egg-static] starting static serve /public/ -> D:\nodejs\nodejs\node_project\hospital\app\public
2019-08-16 21:55:41,931 INFO 8028 [egg-security] use methodnoallow middleware
2019-08-16 21:55:41,932 INFO 8028 [egg-security] use noopen middleware
2019-08-16 21:55:41,933 INFO 8028 [egg-security] use nosniff middleware
2019-08-16 21:55:41,933 INFO 8028 [egg-security] use xssProtection middleware
2019-08-16 21:55:41,934 INFO 8028 [egg-security] use xframe middleware
2019-08-16 21:55:41,934 INFO 8028 [egg-security] use dta middleware
2019-08-16 21:55:41,934 INFO 8028 [egg-security] compose 6 middlewares into one security middleware
2019-08-16 21:55:42,042 INFO 8028 [egg:core] dump config after load, 21ms
2019-08-16 21:55:42,077 INFO 8028 [egg-watcher:application] watcher start success
2019-08-16 21:55:42,125 INFO 8028 [egg:core] dump config after ready, 29ms
2019-08-16 21:55:43,378 INFO 1824 [egg:logger] init all loggers with options: {"dir":"D:\\nodejs\\nodejs\\node_project\\hospital\\logs\\cloud-reinforce-server","encoding":"utf8","env":"local","level":"INFO","consoleLevel":"INFO","disableConsoleAfterReady":false,"outputJSON":false,"buffer":true,"appLogName":"cloud-reinforce-server-web.log","coreLogName":"egg-web.log","agentLogName":"egg-agent.log","errorLogName":"common-error.log","coreLogger":{"consoleLevel":"WARN"},"allowDebugAtProd":false,"type":"application"}
2019-08-16 21:55:43,413 INFO 1824 [egg-multipart] stream mode enable
2019-08-16 21:55:43,816 INFO 1824 [egg-static] starting static serve /public/ -> D:\nodejs\nodejs\node_project\hospital\app\public
2019-08-16 21:55:43,819 INFO 1824 [egg-security] use methodnoallow middleware
2019-08-16 21:55:43,820 INFO 1824 [egg-security] use noopen middleware
2019-08-16 21:55:43,821 INFO 1824 [egg-security] use nosniff middleware
2019-08-16 21:55:43,821 INFO 1824 [egg-security] use xssProtection middleware
2019-08-16 21:55:43,822 INFO 1824 [egg-security] use xframe middleware
2019-08-16 21:55:43,822 INFO 1824 [egg-security] use dta middleware
2019-08-16 21:55:43,822 INFO 1824 [egg-security] compose 6 middlewares into one security middleware
2019-08-16 21:55:43,929 INFO 1824 [egg:core] dump config after load, 21ms
2019-08-16 21:55:43,962 INFO 1824 [egg-watcher:application] watcher start success
2019-08-16 21:55:44,011 INFO 1824 [egg:core] dump config after ready, 30ms
2019-08-17 08:50:30,844 INFO 16156 [egg:logger] init all loggers with options: {"dir":"D:\\nodejs\\nodejs\\node_project\\hospital\\logs\\cloud-reinforce-server","encoding":"utf8","env":"local","level":"INFO","consoleLevel":"INFO","disableConsoleAfterReady":false,"outputJSON":false,"buffer":true,"appLogName":"cloud-reinforce-server-web.log","coreLogName":"egg-web.log","agentLogName":"egg-agent.log","errorLogName":"common-error.log","coreLogger":{"consoleLevel":"WARN"},"allowDebugAtProd":false,"type":"application"}
2019-08-17 08:50:30,876 INFO 16156 [egg-multipart] stream mode enable
2019-08-17 08:50:31,862 INFO 16156 [egg-static] starting static serve /public/ -> D:\nodejs\nodejs\node_project\hospital\app\public
2019-08-17 08:50:31,865 INFO 16156 [egg-security] use methodnoallow middleware
2019-08-17 08:50:31,866 INFO 16156 [egg-security] use noopen middleware
2019-08-17 08:50:31,867 INFO 16156 [egg-security] use nosniff middleware
2019-08-17 08:50:31,867 INFO 16156 [egg-security] use xssProtection middleware
2019-08-17 08:50:31,868 INFO 16156 [egg-security] use xframe middleware
2019-08-17 08:50:31,874 INFO 16156 [egg-security] use dta middleware
2019-08-17 08:50:31,874 INFO 16156 [egg-security] compose 6 middlewares into one security middleware
2019-08-17 08:50:32,351 INFO 16156 [egg:core] dump config after load, 19ms
2019-08-17 08:50:32,384 INFO 16156 [egg-watcher:application] watcher start success
2019-08-17 08:50:32,429 INFO 16156 [egg:core] dump config after ready, 27ms
2019-08-17 08:50:41,857 INFO 15624 [egg:logger] init all loggers with options: {"dir":"D:\\nodejs\\nodejs\\node_project\\hospital\\logs\\cloud-reinforce-server","encoding":"utf8","env":"local","level":"INFO","consoleLevel":"INFO","disableConsoleAfterReady":false,"outputJSON":false,"buffer":true,"appLogName":"cloud-reinforce-server-web.log","coreLogName":"egg-web.log","agentLogName":"egg-agent.log","errorLogName":"common-error.log","coreLogger":{"consoleLevel":"WARN"},"allowDebugAtProd":false,"type":"application"}
2019-08-17 08:50:41,892 INFO 15624 [egg-multipart] stream mode enable
2019-08-17 08:50:42,326 INFO 15624 [egg-static] starting static serve /public/ -> D:\nodejs\nodejs\node_project\hospital\app\public
2019-08-17 08:50:42,330 INFO 15624 [egg-security] use methodnoallow middleware
2019-08-17 08:50:42,331 INFO 15624 [egg-security] use noopen middleware
2019-08-17 08:50:42,333 INFO 15624 [egg-security] use nosniff middleware
2019-08-17 08:50:42,333 INFO 15624 [egg-security] use xssProtection middleware
2019-08-17 08:50:42,334 INFO 15624 [egg-security] use xframe middleware
2019-08-17 08:50:42,335 INFO 15624 [egg-security] use dta middleware
2019-08-17 08:50:42,335 INFO 15624 [egg-security] compose 6 middlewares into one security middleware
2019-08-17 08:50:42,452 INFO 15624 [egg:core] dump config after load, 23ms
2019-08-17 08:50:42,487 INFO 15624 [egg-watcher:application] watcher start success
2019-08-17 08:50:42,545 INFO 15624 [egg:core] dump config after ready, 38ms
2019-08-17 08:50:53,062 INFO 15528 [egg:logger] init all loggers with options: {"dir":"D:\\nodejs\\nodejs\\node_project\\hospital\\logs\\cloud-reinforce-server","encoding":"utf8","env":"local","level":"INFO","consoleLevel":"INFO","disableConsoleAfterReady":false,"outputJSON":false,"buffer":true,"appLogName":"cloud-reinforce-server-web.log","coreLogName":"egg-web.log","agentLogName":"egg-agent.log","errorLogName":"common-error.log","coreLogger":{"consoleLevel":"WARN"},"allowDebugAtProd":false,"type":"application"}
2019-08-17 08:50:53,117 INFO 15528 [egg-multipart] stream mode enable
2019-08-17 08:50:55,525 INFO 15528 [egg-static] starting static serve /public/ -> D:\nodejs\nodejs\node_project\hospital\app\public
2019-08-17 08:50:55,533 INFO 15528 [egg-security] use methodnoallow middleware
2019-08-17 08:50:55,538 INFO 15528 [egg-security] use noopen middleware
2019-08-17 08:50:55,545 INFO 15528 [egg-security] use nosniff middleware
2019-08-17 08:50:55,550 INFO 15528 [egg-security] use xssProtection middleware
2019-08-17 08:50:55,555 INFO 15528 [egg-security] use xframe middleware
2019-08-17 08:50:55,560 INFO 15528 [egg-security] use dta middleware
2019-08-17 08:50:55,560 INFO 15528 [egg-security] compose 6 middlewares into one security middleware
2019-08-17 08:50:55,915 INFO 15528 [egg:core] dump config after load, 20ms
2019-08-17 08:50:55,951 INFO 15528 [egg-watcher:application] watcher start success
2019-08-17 08:50:55,998 INFO 15528 [egg:core] dump config after ready, 30ms
2019-08-17 08:51:06,288 INFO 9484 [egg:logger] init all loggers with options: {"dir":"D:\\nodejs\\nodejs\\node_project\\hospital\\logs\\cloud-reinforce-server","encoding":"utf8","env":"local","level":"INFO","consoleLevel":"INFO","disableConsoleAfterReady":false,"outputJSON":false,"buffer":true,"appLogName":"cloud-reinforce-server-web.log","coreLogName":"egg-web.log","agentLogName":"egg-agent.log","errorLogName":"common-error.log","coreLogger":{"consoleLevel":"WARN"},"allowDebugAtProd":false,"type":"application"}
2019-08-17 08:51:06,320 INFO 9484 [egg-multipart] stream mode enable
2019-08-17 08:51:07,152 INFO 9484 [egg-redis] server connecting redis://:***@127.0.0.1:6379/0
2019-08-17 08:51:07,214 INFO 9484 [egg-static] starting static serve /public/ -> D:\nodejs\nodejs\node_project\hospital\app\public
2019-08-17 08:51:07,217 INFO 9484 [egg-security] use methodnoallow middleware
2019-08-17 08:51:07,218 INFO 9484 [egg-security] use noopen middleware
2019-08-17 08:51:07,220 INFO 9484 [egg-security] use nosniff middleware
2019-08-17 08:51:07,220 INFO 9484 [egg-security] use xssProtection middleware
2019-08-17 08:51:07,221 INFO 9484 [egg-security] use xframe middleware
2019-08-17 08:51:07,221 INFO 9484 [egg-security] use dta middleware
2019-08-17 08:51:07,221 INFO 9484 [egg-security] compose 6 middlewares into one security middleware
2019-08-17 08:51:07,307 INFO 9484 [egg:core] dump config after load, 22ms
2019-08-17 08:51:07,326 INFO 9484 [egg-redis] client connect success
2019-08-17 08:51:07,342 INFO 9484 [egg-watcher:application] watcher start success
2019-08-17 08:51:07,344 INFO 9484 [egg-redis] instance[0] status OK, client ready
2019-08-17 08:51:07,390 INFO 9484 [egg:core] dump config after ready, 28ms
2019-08-17 08:51:08,692 INFO 16172 [egg:logger] init all loggers with options: {"dir":"D:\\nodejs\\nodejs\\node_project\\hospital\\logs\\cloud-reinforce-server","encoding":"utf8","env":"local","level":"INFO","consoleLevel":"INFO","disableConsoleAfterReady":false,"outputJSON":false,"buffer":true,"appLogName":"cloud-reinforce-server-web.log","coreLogName":"egg-web.log","agentLogName":"egg-agent.log","errorLogName":"common-error.log","coreLogger":{"consoleLevel":"WARN"},"allowDebugAtProd":false,"type":"application"}
2019-08-17 08:51:08,731 INFO 16172 [egg-multipart] stream mode enable
2019-08-17 08:51:09,144 INFO 16172 [egg-redis] server connecting redis://:***@127.0.0.1:6379/0
2019-08-17 08:51:09,216 INFO 16172 [egg-static] starting static serve /public/ -> D:\nodejs\nodejs\node_project\hospital\app\public
2019-08-17 08:51:09,220 INFO 16172 [egg-security] use methodnoallow middleware
2019-08-17 08:51:09,221 INFO 16172 [egg-security] use noopen middleware
2019-08-17 08:51:09,228 INFO 16172 [egg-security] use nosniff middleware
2019-08-17 08:51:09,228 INFO 16172 [egg-security] use xssProtection middleware
2019-08-17 08:51:09,229 INFO 16172 [egg-security] use xframe middleware
2019-08-17 08:51:09,229 INFO 16172 [egg-security] use dta middleware
2019-08-17 08:51:09,229 INFO 16172 [egg-security] compose 6 middlewares into one security middleware
2019-08-17 08:51:09,320 INFO 16172 [egg:core] dump config after load, 21ms
2019-08-17 08:51:09,338 INFO 16172 [egg-redis] client connect success
2019-08-17 08:51:09,341 INFO 16172 [egg-redis] instance[0] status OK, client ready
2019-08-17 08:51:09,355 INFO 16172 [egg-watcher:application] watcher start success
2019-08-17 08:51:09,399 INFO 16172 [egg:core] dump config after ready, 26ms
2019-08-17 08:51:32,729 INFO 16224 [egg:logger] init all loggers with options: {"dir":"D:\\nodejs\\nodejs\\node_project\\hospital\\logs\\cloud-reinforce-server","encoding":"utf8","env":"local","level":"INFO","consoleLevel":"INFO","disableConsoleAfterReady":false,"outputJSON":false,"buffer":true,"appLogName":"cloud-reinforce-server-web.log","coreLogName":"egg-web.log","agentLogName":"egg-agent.log","errorLogName":"common-error.log","coreLogger":{"consoleLevel":"WARN"},"allowDebugAtProd":false,"type":"application"}
2019-08-17 08:51:32,774 INFO 16224 [egg-multipart] stream mode enable
2019-08-17 08:51:33,251 INFO 16224 [egg-redis] server connecting redis://:***@127.0.0.1:6379/0
2019-08-17 08:51:33,496 INFO 16224 [egg-static] starting static serve /public/ -> D:\nodejs\nodejs\node_project\hospital\app\public
2019-08-17 08:51:33,503 INFO 16224 [egg-security] use methodnoallow middleware
2019-08-17 08:51:33,508 INFO 16224 [egg-security] use noopen middleware
2019-08-17 08:51:33,516 INFO 16224 [egg-security] use nosniff middleware
2019-08-17 08:51:33,521 INFO 16224 [egg-security] use xssProtection middleware
2019-08-17 08:51:33,525 INFO 16224 [egg-security] use xframe middleware
2019-08-17 08:51:33,529 INFO 16224 [egg-security] use dta middleware
2019-08-17 08:51:33,529 INFO 16224 [egg-security] compose 6 middlewares into one security middleware
2019-08-17 08:51:34,142 INFO 16224 [egg:core] dump config after load, 167ms
2019-08-17 08:51:34,160 INFO 16224 [egg-redis] client connect success
2019-08-17 08:51:34,163 INFO 16224 [egg-redis] instance[0] status OK, client ready
2019-08-17 08:51:34,186 INFO 16224 [egg-watcher:application] watcher start success
2019-08-17 08:51:34,235 INFO 16224 [egg:core] dump config after ready, 30ms
2019-08-17 08:51:57,781 INFO 16152 [egg:logger] init all loggers with options: {"dir":"D:\\nodejs\\nodejs\\node_project\\hospital\\logs\\cloud-reinforce-server","encoding":"utf8","env":"local","level":"INFO","consoleLevel":"INFO","disableConsoleAfterReady":false,"outputJSON":false,"buffer":true,"appLogName":"cloud-reinforce-server-web.log","coreLogName":"egg-web.log","agentLogName":"egg-agent.log","errorLogName":"common-error.log","coreLogger":{"consoleLevel":"WARN"},"allowDebugAtProd":false,"type":"application"}
2019-08-17 08:51:57,849 INFO 16152 [egg-multipart] stream mode enable
2019-08-17 08:52:00,559 INFO 16152 [egg-redis] server connecting redis://:***@127.0.0.1:6379/0
2019-08-17 08:52:00,948 INFO 16152 [egg-static] starting static serve /public/ -> D:\nodejs\nodejs\node_project\hospital\app\public
2019-08-17 08:52:00,951 INFO 16152 [egg-security] use methodnoallow middleware
2019-08-17 08:52:00,951 INFO 16152 [egg-security] use noopen middleware
2019-08-17 08:52:00,952 INFO 16152 [egg-security] use nosniff middleware
2019-08-17 08:52:00,953 INFO 16152 [egg-security] use xssProtection middleware
2019-08-17 08:52:00,954 INFO 16152 [egg-security] use xframe middleware
2019-08-17 08:52:00,954 INFO 16152 [egg-security] use dta middleware
2019-08-17 08:52:00,954 INFO 16152 [egg-security] compose 6 middlewares into one security middleware
2019-08-17 08:52:01,054 INFO 16152 [egg:core] dump config after load, 22ms
2019-08-17 08:52:01,075 INFO 16152 [egg-redis] client connect success
2019-08-17 08:52:01,077 INFO 16152 [egg-redis] instance[0] status OK, client ready
2019-08-17 08:52:01,092 INFO 16152 [egg-watcher:application] watcher start success
2019-08-17 08:52:01,138 INFO 16152 [egg:core] dump config after ready, 28ms
2019-08-17 08:52:02,663 INFO 10120 [egg:logger] init all loggers with options: {"dir":"D:\\nodejs\\nodejs\\node_project\\hospital\\logs\\cloud-reinforce-server","encoding":"utf8","env":"local","level":"INFO","consoleLevel":"INFO","disableConsoleAfterReady":false,"outputJSON":false,"buffer":true,"appLogName":"cloud-reinforce-server-web.log","coreLogName":"egg-web.log","agentLogName":"egg-agent.log","errorLogName":"common-error.log","coreLogger":{"consoleLevel":"WARN"},"allowDebugAtProd":false,"type":"application"}
2019-08-17 08:52:02,695 INFO 10120 [egg-multipart] stream mode enable
2019-08-17 08:52:03,063 INFO 10120 [egg-redis] server connecting redis://:***@127.0.0.1:6379/0
2019-08-17 08:52:03,152 INFO 10120 [egg-static] starting static serve /public/ -> D:\nodejs\nodejs\node_project\hospital\app\public
2019-08-17 08:52:03,155 INFO 10120 [egg-security] use methodnoallow middleware
2019-08-17 08:52:03,155 INFO 10120 [egg-security] use noopen middleware
2019-08-17 08:52:03,156 INFO 10120 [egg-security] use nosniff middleware
2019-08-17 08:52:03,156 INFO 10120 [egg-security] use xssProtection middleware
2019-08-17 08:52:03,157 INFO 10120 [egg-security] use xframe middleware
2019-08-17 08:52:03,157 INFO 10120 [egg-security] use dta middleware
2019-08-17 08:52:03,157 INFO 10120 [egg-security] compose 6 middlewares into one security middleware
2019-08-17 08:52:03,239 INFO 10120 [egg:core] dump config after load, 20ms
2019-08-17 08:52:03,256 INFO 10120 [egg-redis] client connect success
2019-08-17 08:52:03,258 INFO 10120 [egg-redis] instance[0] status OK, client ready
2019-08-17 08:52:03,273 INFO 10120 [egg-watcher:application] watcher start success
2019-08-17 08:52:03,319 INFO 10120 [egg:core] dump config after ready, 28ms
2019-08-17 08:52:54,470 INFO 16232 [egg:logger] init all loggers with options: {"dir":"D:\\nodejs\\nodejs\\node_project\\hospital\\logs\\cloud-reinforce-server","encoding":"utf8","env":"local","level":"INFO","consoleLevel":"INFO","disableConsoleAfterReady":false,"outputJSON":false,"buffer":true,"appLogName":"cloud-reinforce-server-web.log","coreLogName":"egg-web.log","agentLogName":"egg-agent.log","errorLogName":"common-error.log","coreLogger":{"consoleLevel":"WARN"},"allowDebugAtProd":false,"type":"application"}
2019-08-17 08:52:54,506 INFO 16232 [egg-multipart] stream mode enable
2019-08-17 08:52:54,903 INFO 16232 [egg-redis] server connecting redis://:***@127.0.0.1:6379/0
2019-08-17 08:52:54,989 INFO 16232 [egg-static] starting static serve /public/ -> D:\nodejs\nodejs\node_project\hospital\app\public
2019-08-17 08:52:54,996 INFO 16232 [egg-security] use csrf middleware
2019-08-17 08:52:54,997 INFO 16232 [egg-security] use methodnoallow middleware
2019-08-17 08:52:54,998 INFO 16232 [egg-security] use noopen middleware
2019-08-17 08:52:54,998 INFO 16232 [egg-security] use nosniff middleware
2019-08-17 08:52:54,999 INFO 16232 [egg-security] use xssProtection middleware
2019-08-17 08:52:54,999 INFO 16232 [egg-security] use xframe middleware
2019-08-17 08:52:55,000 INFO 16232 [egg-security] use dta middleware
2019-08-17 08:52:55,000 INFO 16232 [egg-security] compose 7 middlewares into one security middleware
2019-08-17 08:52:55,082 INFO 16232 [egg:core] dump config after load, 19ms
2019-08-17 08:52:55,098 INFO 16232 [egg-redis] client connect success
2019-08-17 08:52:55,101 INFO 16232 [egg-redis] instance[0] status OK, client ready
2019-08-17 08:52:55,114 INFO 16232 [egg-watcher:application] watcher start success
2019-08-17 08:52:55,160 INFO 16232 [egg:core] dump config after ready, 29ms
2019-08-17 08:53:19,300 INFO 15180 [egg:logger] init all loggers with options: {"dir":"D:\\nodejs\\nodejs\\node_project\\hospital\\logs\\cloud-reinforce-server","encoding":"utf8","env":"local","level":"INFO","consoleLevel":"INFO","disableConsoleAfterReady":false,"outputJSON":false,"buffer":true,"appLogName":"cloud-reinforce-server-web.log","coreLogName":"egg-web.log","agentLogName":"egg-agent.log","errorLogName":"common-error.log","coreLogger":{"consoleLevel":"WARN"},"allowDebugAtProd":false,"type":"application"}
2019-08-17 08:53:19,332 INFO 15180 [egg-multipart] stream mode enable
2019-08-17 08:53:19,760 INFO 15180 [egg-redis] server connecting redis://:***@127.0.0.1:6379/0
2019-08-17 08:53:19,846 INFO 15180 [egg-static] starting static serve /public/ -> D:\nodejs\nodejs\node_project\hospital\app\public
2019-08-17 08:53:19,849 INFO 15180 [egg-security] use methodnoallow middleware
2019-08-17 08:53:19,850 INFO 15180 [egg-security] use noopen middleware
2019-08-17 08:53:19,851 INFO 15180 [egg-security] use nosniff middleware
2019-08-17 08:53:19,851 INFO 15180 [egg-security] use xssProtection middleware
2019-08-17 08:53:19,852 INFO 15180 [egg-security] use xframe middleware
2019-08-17 08:53:19,852 INFO 15180 [egg-security] use dta middleware
2019-08-17 08:53:19,852 INFO 15180 [egg-security] compose 6 middlewares into one security middleware
2019-08-17 08:53:19,945 INFO 15180 [egg:core] dump config after load, 24ms
2019-08-17 08:53:19,965 INFO 15180 [egg-redis] client connect success
2019-08-17 08:53:19,967 INFO 15180 [egg-redis] instance[0] status OK, client ready
2019-08-17 08:53:19,983 INFO 15180 [egg-watcher:application] watcher start success
2019-08-17 08:53:20,029 INFO 15180 [egg:core] dump config after ready, 26ms
2019-08-17 08:54:01,625 INFO 9484 [egg:logger] init all loggers with options: {"dir":"D:\\nodejs\\nodejs\\node_project\\hospital\\logs\\cloud-reinforce-server","encoding":"utf8","env":"local","level":"INFO","consoleLevel":"INFO","disableConsoleAfterReady":false,"outputJSON":false,"buffer":true,"appLogName":"cloud-reinforce-server-web.log","coreLogName":"egg-web.log","agentLogName":"egg-agent.log","errorLogName":"common-error.log","coreLogger":{"consoleLevel":"WARN"},"allowDebugAtProd":false,"type":"application"}
2019-08-17 08:54:01,661 INFO 9484 [egg-multipart] stream mode enable
2019-08-17 08:54:02,109 INFO 9484 [egg-redis] server connecting redis://:***@127.0.0.1:6379/0
2019-08-17 08:54:02,211 INFO 9484 [egg-static] starting static serve /public/ -> D:\nodejs\nodejs\node_project\hospital\app\public
2019-08-17 08:54:02,215 INFO 9484 [egg-security] use methodnoallow middleware
2019-08-17 08:54:02,216 INFO 9484 [egg-security] use noopen middleware
2019-08-17 08:54:02,218 INFO 9484 [egg-security] use nosniff middleware
2019-08-17 08:54:02,218 INFO 9484 [egg-security] use xssProtection middleware
2019-08-17 08:54:02,220 INFO 9484 [egg-security] use xframe middleware
2019-08-17 08:54:02,220 INFO 9484 [egg-security] use dta middleware
2019-08-17 08:54:02,220 INFO 9484 [egg-security] compose 6 middlewares into one security middleware
2019-08-17 08:54:02,323 INFO 9484 [egg:core] dump config after load, 26ms
2019-08-17 08:54:02,343 INFO 9484 [egg-redis] client connect success
2019-08-17 08:54:02,346 INFO 9484 [egg-redis] instance[0] status OK, client ready
2019-08-17 08:54:02,364 INFO 9484 [egg-watcher:application] watcher start success
2019-08-17 08:54:02,417 INFO 9484 [egg:core] dump config after ready, 28ms
2019-08-17 08:54:07,910 ERROR 9484 [egg-redis] client error: Error: read ECONNRESET
2019-08-17 08:54:07,923 ERROR 9484 nodejs.ECONNRESETError: read ECONNRESET
    at TCP.onStreamRead (internal/stream_base_commons.js:111:27)
errno: "ECONNRESET"
code: "ECONNRESET"
syscall: "read"
name: "ECONNRESETError"
pid: 9484
hostname: LAPTOP-57LT11PC

2019-08-17 08:54:09,979 ERROR 9484 [egg-redis] client error: Error: connect ECONNREFUSED 127.0.0.1:6379
2019-08-17 08:54:09,994 ERROR 9484 nodejs.ECONNREFUSEDError: connect ECONNREFUSED 127.0.0.1:6379
    at TCPConnectWrap.afterConnect [as oncomplete] (net.js:1106:14)
errno: "ECONNREFUSED"
code: "ECONNREFUSED"
syscall: "connect"
address: "127.0.0.1"
port: 6379
name: "ECONNREFUSEDError"
pid: 9484
hostname: LAPTOP-57LT11PC

2019-08-17 08:54:12,099 ERROR 9484 [egg-redis] client error: Error: connect ECONNREFUSED 127.0.0.1:6379
2019-08-17 08:54:12,102 ERROR 9484 nodejs.ECONNREFUSEDError: connect ECONNREFUSED 127.0.0.1:6379
    at TCPConnectWrap.afterConnect [as oncomplete] (net.js:1106:14)
errno: "ECONNREFUSED"
code: "ECONNREFUSED"
syscall: "connect"
address: "127.0.0.1"
port: 6379
name: "ECONNREFUSEDError"
pid: 9484
hostname: LAPTOP-57LT11PC

2019-08-17 08:54:14,256 ERROR 9484 [egg-redis] client error: Error: connect ECONNREFUSED 127.0.0.1:6379
2019-08-17 08:54:14,272 ERROR 9484 nodejs.ECONNREFUSEDError: connect ECONNREFUSED 127.0.0.1:6379
    at TCPConnectWrap.afterConnect [as oncomplete] (net.js:1106:14)
errno: "ECONNREFUSED"
code: "ECONNREFUSED"
syscall: "connect"
address: "127.0.0.1"
port: 6379
name: "ECONNREFUSEDError"
pid: 9484
hostname: LAPTOP-57LT11PC

2019-08-17 08:54:16,477 ERROR 9484 [egg-redis] client error: Error: connect ECONNREFUSED 127.0.0.1:6379
2019-08-17 08:54:16,482 ERROR 9484 nodejs.ECONNREFUSEDError: connect ECONNREFUSED 127.0.0.1:6379
    at TCPConnectWrap.afterConnect [as oncomplete] (net.js:1106:14)
errno: "ECONNREFUSED"
code: "ECONNREFUSED"
syscall: "connect"
address: "127.0.0.1"
port: 6379
name: "ECONNREFUSEDError"
pid: 9484
hostname: LAPTOP-57LT11PC

2019-08-17 08:54:18,736 ERROR 9484 [egg-redis] client error: Error: connect ECONNREFUSED 127.0.0.1:6379
2019-08-17 08:54:18,741 ERROR 9484 nodejs.ECONNREFUSEDError: connect ECONNREFUSED 127.0.0.1:6379
    at TCPConnectWrap.afterConnect [as oncomplete] (net.js:1106:14)
errno: "ECONNREFUSED"
code: "ECONNREFUSED"
syscall: "connect"
address: "127.0.0.1"
port: 6379
name: "ECONNREFUSEDError"
pid: 9484
hostname: LAPTOP-57LT11PC

2019-08-17 08:54:21,046 ERROR 9484 [egg-redis] client error: Error: connect ECONNREFUSED 127.0.0.1:6379
2019-08-17 08:54:21,058 ERROR 9484 nodejs.ECONNREFUSEDError: connect ECONNREFUSED 127.0.0.1:6379
    at TCPConnectWrap.afterConnect [as oncomplete] (net.js:1106:14)
errno: "ECONNREFUSED"
code: "ECONNREFUSED"
syscall: "connect"
address: "127.0.0.1"
port: 6379
name: "ECONNREFUSEDError"
pid: 9484
hostname: LAPTOP-57LT11PC

2019-08-17 08:54:23,413 ERROR 9484 [egg-redis] client error: Error: connect ECONNREFUSED 127.0.0.1:6379
2019-08-17 08:54:23,435 ERROR 9484 nodejs.ECONNREFUSEDError: connect ECONNREFUSED 127.0.0.1:6379
    at TCPConnectWrap.afterConnect [as oncomplete] (net.js:1106:14)
errno: "ECONNREFUSED"
code: "ECONNREFUSED"
syscall: "connect"
address: "127.0.0.1"
port: 6379
name: "ECONNREFUSEDError"
pid: 9484
hostname: LAPTOP-57LT11PC

2019-08-17 08:54:25,839 ERROR 9484 [egg-redis] client error: Error: connect ECONNREFUSED 127.0.0.1:6379
2019-08-17 08:54:25,853 ERROR 9484 nodejs.ECONNREFUSEDError: connect ECONNREFUSED 127.0.0.1:6379
    at TCPConnectWrap.afterConnect [as oncomplete] (net.js:1106:14)
errno: "ECONNREFUSED"
code: "ECONNREFUSED"
syscall: "connect"
address: "127.0.0.1"
port: 6379
name: "ECONNREFUSEDError"
pid: 9484
hostname: LAPTOP-57LT11PC

2019-08-17 08:54:28,309 ERROR 9484 [egg-redis] client error: Error: connect ECONNREFUSED 127.0.0.1:6379
2019-08-17 08:54:28,323 ERROR 9484 nodejs.ECONNREFUSEDError: connect ECONNREFUSED 127.0.0.1:6379
    at TCPConnectWrap.afterConnect [as oncomplete] (net.js:1106:14)
errno: "ECONNREFUSED"
code: "ECONNREFUSED"
syscall: "connect"
address: "127.0.0.1"
port: 6379
name: "ECONNREFUSEDError"
pid: 9484
hostname: LAPTOP-57LT11PC

2019-08-17 08:54:30,827 ERROR 9484 [egg-redis] client error: Error: connect ECONNREFUSED 127.0.0.1:6379
2019-08-17 08:54:30,850 ERROR 9484 nodejs.ECONNREFUSEDError: connect ECONNREFUSED 127.0.0.1:6379
    at TCPConnectWrap.afterConnect [as oncomplete] (net.js:1106:14)
errno: "ECONNREFUSED"
code: "ECONNREFUSED"
syscall: "connect"
address: "127.0.0.1"
port: 6379
name: "ECONNREFUSEDError"
pid: 9484
hostname: LAPTOP-57LT11PC

2019-08-17 08:54:33,405 ERROR 9484 [egg-redis] client error: Error: connect ECONNREFUSED 127.0.0.1:6379
2019-08-17 08:54:33,411 ERROR 9484 nodejs.ECONNREFUSEDError: connect ECONNREFUSED 127.0.0.1:6379
    at TCPConnectWrap.afterConnect [as oncomplete] (net.js:1106:14)
errno: "ECONNREFUSED"
code: "ECONNREFUSED"
syscall: "connect"
address: "127.0.0.1"
port: 6379
name: "ECONNREFUSEDError"
pid: 9484
hostname: LAPTOP-57LT11PC

2019-08-17 08:55:20,237 INFO 14940 [egg:logger] init all loggers with options: {"dir":"D:\\nodejs\\nodejs\\node_project\\hospital\\logs\\cloud-reinforce-server","encoding":"utf8","env":"local","level":"INFO","consoleLevel":"INFO","disableConsoleAfterReady":false,"outputJSON":false,"buffer":true,"appLogName":"cloud-reinforce-server-web.log","coreLogName":"egg-web.log","agentLogName":"egg-agent.log","errorLogName":"common-error.log","coreLogger":{"consoleLevel":"WARN"},"allowDebugAtProd":false,"type":"application"}
2019-08-17 08:55:20,274 INFO 14940 [egg-multipart] stream mode enable
2019-08-17 08:55:20,673 INFO 14940 [egg-static] starting static serve /public/ -> D:\nodejs\nodejs\node_project\hospital\app\public
2019-08-17 08:55:20,675 INFO 14940 [egg-security] use methodnoallow middleware
2019-08-17 08:55:20,676 INFO 14940 [egg-security] use noopen middleware
2019-08-17 08:55:20,677 INFO 14940 [egg-security] use nosniff middleware
2019-08-17 08:55:20,678 INFO 14940 [egg-security] use xssProtection middleware
2019-08-17 08:55:20,678 INFO 14940 [egg-security] use xframe middleware
2019-08-17 08:55:20,679 INFO 14940 [egg-security] use dta middleware
2019-08-17 08:55:20,679 INFO 14940 [egg-security] compose 6 middlewares into one security middleware
2019-08-17 08:55:20,787 INFO 14940 [egg:core] dump config after load, 20ms
2019-08-17 08:55:20,816 INFO 14940 [egg-watcher:application] watcher start success
2019-08-17 08:55:20,863 INFO 14940 [egg:core] dump config after ready, 29ms
