2019-08-16 12:36:24,437 INFO 16264 [egg-schedule]: register schedule D:\nodejs\nodejs\node_project\hospital\node_modules\egg-multipart\app\schedule\clean_tmpdir.js
2019-08-16 12:36:24,437 INFO 16264 [egg-schedule]: register schedule D:\nodejs\nodejs\node_project\hospital\node_modules\egg-logrotator\app\schedule\clean_log.js
2019-08-16 12:36:24,437 INFO 16264 [egg-schedule]: register schedule D:\nodejs\nodejs\node_project\hospital\node_modules\egg-logrotator\app\schedule\rotate_by_file.js
2019-08-16 12:36:26,436 INFO 15344 [Timer] D:\nodejs\nodejs\node_project\hospital\node_modules\egg-multipart\app\schedule\clean_tmpdir.js next time will execute after 57213568ms at 2019-08-17 04:30:00.004
2019-08-16 12:36:26,436 INFO 15344 [Timer] D:\nodejs\nodejs\node_project\hospital\node_modules\egg-logrotator\app\schedule\clean_log.js next time will execute after 41013564ms at 2019-08-17 00:00:00.000
2019-08-16 12:36:26,436 INFO 15344 [Timer] D:\nodejs\nodejs\node_project\hospital\node_modules\egg-logrotator\app\schedule\rotate_by_file.js next time will execute after 41014564ms at 2019-08-17 00:00:01.000
2019-08-16 14:57:48,230 INFO 8732 [egg-schedule]: register schedule D:\nodejs\nodejs\node_project\hospital\node_modules\egg-multipart\app\schedule\clean_tmpdir.js
2019-08-16 14:57:48,230 INFO 8732 [egg-schedule]: register schedule D:\nodejs\nodejs\node_project\hospital\node_modules\egg-logrotator\app\schedule\clean_log.js
2019-08-16 14:57:48,230 INFO 8732 [egg-schedule]: register schedule D:\nodejs\nodejs\node_project\hospital\node_modules\egg-logrotator\app\schedule\rotate_by_file.js
2019-08-16 14:57:50,354 INFO 16324 [egg-schedule]: register schedule D:\nodejs\nodejs\node_project\hospital\node_modules\egg-multipart\app\schedule\clean_tmpdir.js
2019-08-16 14:57:50,354 INFO 16324 [egg-schedule]: register schedule D:\nodejs\nodejs\node_project\hospital\node_modules\egg-logrotator\app\schedule\clean_log.js
2019-08-16 14:57:50,354 INFO 16324 [egg-schedule]: register schedule D:\nodejs\nodejs\node_project\hospital\node_modules\egg-logrotator\app\schedule\rotate_by_file.js
2019-08-16 14:57:52,143 INFO 14768 [egg-schedule]: register schedule D:\nodejs\nodejs\node_project\hospital\node_modules\egg-multipart\app\schedule\clean_tmpdir.js
2019-08-16 14:57:52,143 INFO 14768 [egg-schedule]: register schedule D:\nodejs\nodejs\node_project\hospital\node_modules\egg-logrotator\app\schedule\clean_log.js
2019-08-16 14:57:52,143 INFO 14768 [egg-schedule]: register schedule D:\nodejs\nodejs\node_project\hospital\node_modules\egg-logrotator\app\schedule\rotate_by_file.js
2019-08-16 20:16:28,793 INFO 12068 [egg-schedule]: register schedule D:\nodejs\nodejs\node_project\hospital\node_modules\egg-multipart\app\schedule\clean_tmpdir.js
2019-08-16 20:16:28,793 INFO 12068 [egg-schedule]: register schedule D:\nodejs\nodejs\node_project\hospital\node_modules\egg-logrotator\app\schedule\clean_log.js
2019-08-16 20:16:28,793 INFO 12068 [egg-schedule]: register schedule D:\nodejs\nodejs\node_project\hospital\node_modules\egg-logrotator\app\schedule\rotate_by_file.js
2019-08-16 20:16:35,358 INFO 15576 [egg-schedule]: register schedule D:\nodejs\nodejs\node_project\hospital\node_modules\egg-multipart\app\schedule\clean_tmpdir.js
2019-08-16 20:16:35,358 INFO 15576 [egg-schedule]: register schedule D:\nodejs\nodejs\node_project\hospital\node_modules\egg-logrotator\app\schedule\clean_log.js
2019-08-16 20:16:35,358 INFO 15576 [egg-schedule]: register schedule D:\nodejs\nodejs\node_project\hospital\node_modules\egg-logrotator\app\schedule\rotate_by_file.js
2019-08-16 20:40:11,692 INFO 12988 [egg-schedule]: register schedule D:\nodejs\nodejs\node_project\hospital\node_modules\egg-multipart\app\schedule\clean_tmpdir.js
2019-08-16 20:40:11,692 INFO 12988 [egg-schedule]: register schedule D:\nodejs\nodejs\node_project\hospital\node_modules\egg-logrotator\app\schedule\clean_log.js
2019-08-16 20:40:11,692 INFO 12988 [egg-schedule]: register schedule D:\nodejs\nodejs\node_project\hospital\node_modules\egg-logrotator\app\schedule\rotate_by_file.js
2019-08-16 20:40:23,259 INFO 368 [egg-schedule]: register schedule D:\nodejs\nodejs\node_project\hospital\node_modules\egg-multipart\app\schedule\clean_tmpdir.js
2019-08-16 20:40:23,259 INFO 368 [egg-schedule]: register schedule D:\nodejs\nodejs\node_project\hospital\node_modules\egg-logrotator\app\schedule\clean_log.js
2019-08-16 20:40:23,259 INFO 368 [egg-schedule]: register schedule D:\nodejs\nodejs\node_project\hospital\node_modules\egg-logrotator\app\schedule\rotate_by_file.js
2019-08-16 20:40:26,009 INFO 2300 [egg-schedule]: register schedule D:\nodejs\nodejs\node_project\hospital\node_modules\egg-multipart\app\schedule\clean_tmpdir.js
2019-08-16 20:40:26,009 INFO 2300 [egg-schedule]: register schedule D:\nodejs\nodejs\node_project\hospital\node_modules\egg-logrotator\app\schedule\clean_log.js
2019-08-16 20:40:26,009 INFO 2300 [egg-schedule]: register schedule D:\nodejs\nodejs\node_project\hospital\node_modules\egg-logrotator\app\schedule\rotate_by_file.js
2019-08-16 20:40:29,863 INFO 4608 [egg-schedule]: register schedule D:\nodejs\nodejs\node_project\hospital\node_modules\egg-multipart\app\schedule\clean_tmpdir.js
2019-08-16 20:40:29,863 INFO 4608 [egg-schedule]: register schedule D:\nodejs\nodejs\node_project\hospital\node_modules\egg-logrotator\app\schedule\clean_log.js
2019-08-16 20:40:29,863 INFO 4608 [egg-schedule]: register schedule D:\nodejs\nodejs\node_project\hospital\node_modules\egg-logrotator\app\schedule\rotate_by_file.js
2019-08-16 20:43:53,443 INFO 5436 [egg-schedule]: register schedule D:\nodejs\nodejs\node_project\hospital\node_modules\egg-multipart\app\schedule\clean_tmpdir.js
2019-08-16 20:43:53,443 INFO 5436 [egg-schedule]: register schedule D:\nodejs\nodejs\node_project\hospital\node_modules\egg-logrotator\app\schedule\clean_log.js
2019-08-16 20:43:53,443 INFO 5436 [egg-schedule]: register schedule D:\nodejs\nodejs\node_project\hospital\node_modules\egg-logrotator\app\schedule\rotate_by_file.js
2019-08-16 20:44:00,411 INFO 2848 [egg-schedule]: register schedule D:\nodejs\nodejs\node_project\hospital\node_modules\egg-multipart\app\schedule\clean_tmpdir.js
2019-08-16 20:44:00,411 INFO 2848 [egg-schedule]: register schedule D:\nodejs\nodejs\node_project\hospital\node_modules\egg-logrotator\app\schedule\clean_log.js
2019-08-16 20:44:00,411 INFO 2848 [egg-schedule]: register schedule D:\nodejs\nodejs\node_project\hospital\node_modules\egg-logrotator\app\schedule\rotate_by_file.js
2019-08-16 20:46:26,415 INFO 10332 [egg-schedule]: register schedule D:\nodejs\nodejs\node_project\hospital\node_modules\egg-multipart\app\schedule\clean_tmpdir.js
2019-08-16 20:46:26,415 INFO 10332 [egg-schedule]: register schedule D:\nodejs\nodejs\node_project\hospital\node_modules\egg-logrotator\app\schedule\clean_log.js
2019-08-16 20:46:26,415 INFO 10332 [egg-schedule]: register schedule D:\nodejs\nodejs\node_project\hospital\node_modules\egg-logrotator\app\schedule\rotate_by_file.js
2019-08-16 20:47:24,416 INFO 15308 [egg-schedule]: register schedule D:\nodejs\nodejs\node_project\hospital\node_modules\egg-multipart\app\schedule\clean_tmpdir.js
2019-08-16 20:47:24,416 INFO 15308 [egg-schedule]: register schedule D:\nodejs\nodejs\node_project\hospital\node_modules\egg-logrotator\app\schedule\clean_log.js
2019-08-16 20:47:24,416 INFO 15308 [egg-schedule]: register schedule D:\nodejs\nodejs\node_project\hospital\node_modules\egg-logrotator\app\schedule\rotate_by_file.js
2019-08-16 21:55:40,018 INFO 11092 [egg-schedule]: register schedule D:\nodejs\nodejs\node_project\hospital\node_modules\egg-multipart\app\schedule\clean_tmpdir.js
2019-08-16 21:55:40,018 INFO 11092 [egg-schedule]: register schedule D:\nodejs\nodejs\node_project\hospital\node_modules\egg-logrotator\app\schedule\clean_log.js
2019-08-16 21:55:40,018 INFO 11092 [egg-schedule]: register schedule D:\nodejs\nodejs\node_project\hospital\node_modules\egg-logrotator\app\schedule\rotate_by_file.js
2019-08-16 21:55:40,684 INFO 10600 [Timer] D:\nodejs\nodejs\node_project\hospital\node_modules\egg-multipart\app\schedule\clean_tmpdir.js next time will execute after 23659320ms at 2019-08-17 04:30:00.003
2019-08-16 21:55:40,684 INFO 10600 [Timer] D:\nodejs\nodejs\node_project\hospital\node_modules\egg-logrotator\app\schedule\clean_log.js next time will execute after 7459316ms at 2019-08-17 00:00:00.000
2019-08-16 21:55:40,684 INFO 10600 [Timer] D:\nodejs\nodejs\node_project\hospital\node_modules\egg-logrotator\app\schedule\rotate_by_file.js next time will execute after 7460316ms at 2019-08-17 00:00:01.000
2019-08-16 21:55:41,515 INFO 8028 [egg-schedule]: register schedule D:\nodejs\nodejs\node_project\hospital\node_modules\egg-multipart\app\schedule\clean_tmpdir.js
2019-08-16 21:55:41,515 INFO 8028 [egg-schedule]: register schedule D:\nodejs\nodejs\node_project\hospital\node_modules\egg-logrotator\app\schedule\clean_log.js
2019-08-16 21:55:41,515 INFO 8028 [egg-schedule]: register schedule D:\nodejs\nodejs\node_project\hospital\node_modules\egg-logrotator\app\schedule\rotate_by_file.js
2019-08-16 21:55:43,412 INFO 1824 [egg-schedule]: register schedule D:\nodejs\nodejs\node_project\hospital\node_modules\egg-multipart\app\schedule\clean_tmpdir.js
2019-08-16 21:55:43,412 INFO 1824 [egg-schedule]: register schedule D:\nodejs\nodejs\node_project\hospital\node_modules\egg-logrotator\app\schedule\clean_log.js
2019-08-16 21:55:43,412 INFO 1824 [egg-schedule]: register schedule D:\nodejs\nodejs\node_project\hospital\node_modules\egg-logrotator\app\schedule\rotate_by_file.js
2019-08-17 08:50:30,876 INFO 16156 [egg-schedule]: register schedule D:\nodejs\nodejs\node_project\hospital\node_modules\egg-multipart\app\schedule\clean_tmpdir.js
2019-08-17 08:50:30,876 INFO 16156 [egg-schedule]: register schedule D:\nodejs\nodejs\node_project\hospital\node_modules\egg-logrotator\app\schedule\clean_log.js
2019-08-17 08:50:30,876 INFO 16156 [egg-schedule]: register schedule D:\nodejs\nodejs\node_project\hospital\node_modules\egg-logrotator\app\schedule\rotate_by_file.js
2019-08-17 08:50:32,439 INFO 16052 [Timer] D:\nodejs\nodejs\node_project\hospital\node_modules\egg-multipart\app\schedule\clean_tmpdir.js next time will execute after 70767565ms at 2019-08-18 04:30:00.004
2019-08-17 08:50:32,439 INFO 16052 [Timer] D:\nodejs\nodejs\node_project\hospital\node_modules\egg-logrotator\app\schedule\clean_log.js next time will execute after 54567561ms at 2019-08-18 00:00:00.000
2019-08-17 08:50:32,440 INFO 16052 [Timer] D:\nodejs\nodejs\node_project\hospital\node_modules\egg-logrotator\app\schedule\rotate_by_file.js next time will execute after 54568561ms at 2019-08-18 00:00:01.001
2019-08-17 08:50:41,891 INFO 15624 [egg-schedule]: register schedule D:\nodejs\nodejs\node_project\hospital\node_modules\egg-multipart\app\schedule\clean_tmpdir.js
2019-08-17 08:50:41,891 INFO 15624 [egg-schedule]: register schedule D:\nodejs\nodejs\node_project\hospital\node_modules\egg-logrotator\app\schedule\clean_log.js
2019-08-17 08:50:41,891 INFO 15624 [egg-schedule]: register schedule D:\nodejs\nodejs\node_project\hospital\node_modules\egg-logrotator\app\schedule\rotate_by_file.js
2019-08-17 08:50:53,116 INFO 15528 [egg-schedule]: register schedule D:\nodejs\nodejs\node_project\hospital\node_modules\egg-multipart\app\schedule\clean_tmpdir.js
2019-08-17 08:50:53,116 INFO 15528 [egg-schedule]: register schedule D:\nodejs\nodejs\node_project\hospital\node_modules\egg-logrotator\app\schedule\clean_log.js
2019-08-17 08:50:53,116 INFO 15528 [egg-schedule]: register schedule D:\nodejs\nodejs\node_project\hospital\node_modules\egg-logrotator\app\schedule\rotate_by_file.js
2019-08-17 08:51:06,319 INFO 9484 [egg-schedule]: register schedule D:\nodejs\nodejs\node_project\hospital\node_modules\egg-multipart\app\schedule\clean_tmpdir.js
2019-08-17 08:51:06,319 INFO 9484 [egg-schedule]: register schedule D:\nodejs\nodejs\node_project\hospital\node_modules\egg-logrotator\app\schedule\clean_log.js
2019-08-17 08:51:06,319 INFO 9484 [egg-schedule]: register schedule D:\nodejs\nodejs\node_project\hospital\node_modules\egg-logrotator\app\schedule\rotate_by_file.js
2019-08-17 08:51:08,731 INFO 16172 [egg-schedule]: register schedule D:\nodejs\nodejs\node_project\hospital\node_modules\egg-multipart\app\schedule\clean_tmpdir.js
2019-08-17 08:51:08,731 INFO 16172 [egg-schedule]: register schedule D:\nodejs\nodejs\node_project\hospital\node_modules\egg-logrotator\app\schedule\clean_log.js
2019-08-17 08:51:08,731 INFO 16172 [egg-schedule]: register schedule D:\nodejs\nodejs\node_project\hospital\node_modules\egg-logrotator\app\schedule\rotate_by_file.js
2019-08-17 08:51:32,773 INFO 16224 [egg-schedule]: register schedule D:\nodejs\nodejs\node_project\hospital\node_modules\egg-multipart\app\schedule\clean_tmpdir.js
2019-08-17 08:51:32,773 INFO 16224 [egg-schedule]: register schedule D:\nodejs\nodejs\node_project\hospital\node_modules\egg-logrotator\app\schedule\clean_log.js
2019-08-17 08:51:32,773 INFO 16224 [egg-schedule]: register schedule D:\nodejs\nodejs\node_project\hospital\node_modules\egg-logrotator\app\schedule\rotate_by_file.js
2019-08-17 08:51:57,848 INFO 16152 [egg-schedule]: register schedule D:\nodejs\nodejs\node_project\hospital\node_modules\egg-multipart\app\schedule\clean_tmpdir.js
2019-08-17 08:51:57,848 INFO 16152 [egg-schedule]: register schedule D:\nodejs\nodejs\node_project\hospital\node_modules\egg-logrotator\app\schedule\clean_log.js
2019-08-17 08:51:57,848 INFO 16152 [egg-schedule]: register schedule D:\nodejs\nodejs\node_project\hospital\node_modules\egg-logrotator\app\schedule\rotate_by_file.js
2019-08-17 08:52:02,695 INFO 10120 [egg-schedule]: register schedule D:\nodejs\nodejs\node_project\hospital\node_modules\egg-multipart\app\schedule\clean_tmpdir.js
2019-08-17 08:52:02,695 INFO 10120 [egg-schedule]: register schedule D:\nodejs\nodejs\node_project\hospital\node_modules\egg-logrotator\app\schedule\clean_log.js
2019-08-17 08:52:02,695 INFO 10120 [egg-schedule]: register schedule D:\nodejs\nodejs\node_project\hospital\node_modules\egg-logrotator\app\schedule\rotate_by_file.js
2019-08-17 08:52:54,505 INFO 16232 [egg-schedule]: register schedule D:\nodejs\nodejs\node_project\hospital\node_modules\egg-multipart\app\schedule\clean_tmpdir.js
2019-08-17 08:52:54,505 INFO 16232 [egg-schedule]: register schedule D:\nodejs\nodejs\node_project\hospital\node_modules\egg-logrotator\app\schedule\clean_log.js
2019-08-17 08:52:54,505 INFO 16232 [egg-schedule]: register schedule D:\nodejs\nodejs\node_project\hospital\node_modules\egg-logrotator\app\schedule\rotate_by_file.js
2019-08-17 08:53:19,332 INFO 15180 [egg-schedule]: register schedule D:\nodejs\nodejs\node_project\hospital\node_modules\egg-multipart\app\schedule\clean_tmpdir.js
2019-08-17 08:53:19,332 INFO 15180 [egg-schedule]: register schedule D:\nodejs\nodejs\node_project\hospital\node_modules\egg-logrotator\app\schedule\clean_log.js
2019-08-17 08:53:19,332 INFO 15180 [egg-schedule]: register schedule D:\nodejs\nodejs\node_project\hospital\node_modules\egg-logrotator\app\schedule\rotate_by_file.js
2019-08-17 08:54:01,660 INFO 9484 [egg-schedule]: register schedule D:\nodejs\nodejs\node_project\hospital\node_modules\egg-multipart\app\schedule\clean_tmpdir.js
2019-08-17 08:54:01,660 INFO 9484 [egg-schedule]: register schedule D:\nodejs\nodejs\node_project\hospital\node_modules\egg-logrotator\app\schedule\clean_log.js
2019-08-17 08:54:01,660 INFO 9484 [egg-schedule]: register schedule D:\nodejs\nodejs\node_project\hospital\node_modules\egg-logrotator\app\schedule\rotate_by_file.js
2019-08-17 08:55:20,273 INFO 14940 [egg-schedule]: register schedule D:\nodejs\nodejs\node_project\hospital\node_modules\egg-multipart\app\schedule\clean_tmpdir.js
2019-08-17 08:55:20,273 INFO 14940 [egg-schedule]: register schedule D:\nodejs\nodejs\node_project\hospital\node_modules\egg-logrotator\app\schedule\clean_log.js
2019-08-17 08:55:20,273 INFO 14940 [egg-schedule]: register schedule D:\nodejs\nodejs\node_project\hospital\node_modules\egg-logrotator\app\schedule\rotate_by_file.js
2019-08-17 08:55:20,872 INFO 10828 [Timer] D:\nodejs\nodejs\node_project\hospital\node_modules\egg-multipart\app\schedule\clean_tmpdir.js next time will execute after 70479132ms at 2019-08-18 04:30:00.004
2019-08-17 08:55:20,872 INFO 10828 [Timer] D:\nodejs\nodejs\node_project\hospital\node_modules\egg-logrotator\app\schedule\clean_log.js next time will execute after 54279128ms at 2019-08-18 00:00:00.000
2019-08-17 08:55:20,873 INFO 10828 [Timer] D:\nodejs\nodejs\node_project\hospital\node_modules\egg-logrotator\app\schedule\rotate_by_file.js next time will execute after 54280128ms at 2019-08-18 00:00:01.001
